<?xml version="1.0" encoding="UTF-8"?>
<testsuite name="smartosc.jsc.applications.AppTest" tests="1" skipped="0" failures="0" errors="0" timestamp="2024-12-10T07:24:39" hostname="CA-00298" time="0.011">
  <properties/>
  <testcase name="appHasAGreeting()" classname="smartosc.jsc.applications.AppTest" time="0.011"/>
  <system-out><![CDATA[]]></system-out>
  <system-err><![CDATA[]]></system-err>
</testsuite>
